2025-12-11 07:09:50,683 - root - INFO - ๐ ุชู ุชููุฆุฉ ุงูุจูุช ุจูุฌุงุญ
2025-12-11 07:09:50,683 - root - INFO - ๐ ุจุฏุก ุญููุฉ ุงููุฑุงูุจุฉ ุงูุฑุฆูุณูุฉ
2025-12-11 07:09:50,683 - root - INFO - 
======================================================================
2025-12-11 07:09:50,683 - root - INFO - ๐ ุฌูุจ ูุงุฆูุฉ ุงูุนููุงุช ุงูุฌุฏูุฏุฉ...
2025-12-11 07:09:53,821 - root - INFO - โ ุชู ุฌูุจ 22 ุนููุฉ
2025-12-11 07:09:53,822 - root - INFO - 
[1/22] ๐ ุชุญููู BTC/USDT...
2025-12-11 07:09:53,823 - root - INFO - 
[2/22] ๐ ุชุญููู ETH/USDT...
2025-12-11 07:09:53,823 - root - INFO - 
[3/22] ๐ ุชุญููู SOL/USDT...
2025-12-11 07:09:53,824 - root - INFO - 
[4/22] ๐ ุชุญููู DOGE/USDT...
2025-12-11 07:09:53,824 - root - INFO - 
[5/22] ๐ ุชุญููู NIGHT/USDT...
2025-12-11 07:09:53,824 - root - INFO - 
[6/22] ๐ ุชุญููู XRP/USDT...
2025-12-11 07:09:53,825 - root - INFO - 
[7/22] ๐ ุชุญููู LUNA/USDT...
2025-12-11 07:09:53,825 - root - INFO - 
[8/22] ๐ ุชุญููู WET/USDT...
2025-12-11 07:09:53,826 - root - INFO - 
[9/22] ๐ ุชุญููู OKB/USDT...
2025-12-11 07:09:53,826 - root - INFO - 
[10/22] ๐ ุชุญููู SUI/USDT...
2025-12-11 07:09:54,311 - root - INFO - โ ุชู ุฅุฑุณุงู ุชูุจูู ุฌุฏูุฏ BTC/USDT: BUY (ููุฉ: 74%) - ุงูุตูุบุฉ ุงูุฌุฏูุฏุฉ ูุน ICT
2025-12-11 07:09:54,311 - root - INFO -    ๐ฏ ุชุญููู ICT: ๐ฏ ICT ุฅุดุงุฑุฉ ุดุฑุงุก ูููุฉ (78%)
โ ุงูุณุนุฑ ูู ููุทูุฉ Order Block ูููุฉ
โ ููุทูุฉ Demand ูููุฉ (ุชุฌูุน ุงูุดุฑุงุก)
โ MACD ุชูุงุทุน ุฐูุจู ุตุงุนุฏ
โ ุงูุงุชุฌุงู ุงูุฑุฆูุณู (4H) ูุงุจุท
๐ ู
2025-12-11 07:09:54,312 - root - INFO - 
[11/22] ๐ ุชุญููู ADA/USDT...
2025-12-11 07:09:54,500 - root - INFO - ๐ SOL/USDT: NEUTRAL (ููุฉ: 62%) - ุถุนููุฉ
2025-12-11 07:09:54,501 - root - INFO - 
[12/22] ๐ ุชุญููู PEPE/USDT...
2025-12-11 07:09:54,567 - root - INFO - ๐ DOGE/USDT: NEUTRAL (ููุฉ: 58%) - ุถุนููุฉ
2025-12-11 07:09:54,574 - root - INFO - 
[14/22] ๐ ุชุญููู BNB/USDT...
2025-12-11 07:09:54,572 - root - INFO - 
[13/22] ๐ ุชุญููู AVAX/USDT...
2025-12-11 07:09:54,618 - root - INFO - 
[15/22] ๐ ุชุญููู LINK/USDT...
2025-12-11 07:09:54,631 - root - INFO - ๐ ETH/USDT: NEUTRAL (ููุฉ: 57%) - ุถุนููุฉ
2025-12-11 07:09:54,658 - root - INFO - ๐ SUI/USDT: NEUTRAL (ููุฉ: 48%) - ุถุนููุฉ
2025-12-11 07:09:54,660 - root - INFO - 
[16/22] ๐ ุชุญููู LTC/USDT...
2025-12-11 07:09:54,661 - root - INFO - 
[17/22] ๐ ุชุญููู ZEC/USDT...
2025-12-11 07:09:54,738 - root - INFO - โ ุชู ุฅุฑุณุงู ุชูุจูู ุฌุฏูุฏ OKB/USDT: BUY (ููุฉ: 100%) - ุงูุตูุบุฉ ุงูุฌุฏูุฏุฉ ูุน ICT
2025-12-11 07:09:54,738 - root - INFO -    ๐ฏ ุชุญููู ICT: ๐ฏ ICT ุฅุดุงุฑุฉ ุดุฑุงุก ูููุฉ (88%)
โ ุงูุณุนุฑ ูู ููุทูุฉ Order Block ูููุฉ
โ ููุทูุฉ Demand ูููุฉ (ุชุฌูุน ุงูุดุฑุงุก)
โ MACD ุชูุงุทุน ุฐูุจู ุตุงุนุฏ
2025-12-11 07:09:54,739 - root - INFO - 
[18/22] ๐ ุชุญููู BCH/USDT...
2025-12-11 07:09:54,790 - root - INFO - โ ุชู ุฅุฑุณุงู ุชูุจูู ุฌุฏูุฏ XRP/USDT: BUY (ููุฉ: 79%) - ุงูุตูุบุฉ ุงูุฌุฏูุฏุฉ ูุน ICT
2025-12-11 07:09:54,791 - root - INFO -    ๐ฏ ุชุญููู ICT: ๐ฏ ICT ุฅุดุงุฑุฉ ุดุฑุงุก ูููุฉ (78%)
โ ุงูุณุนุฑ ูู ููุทูุฉ Order Block ูููุฉ
โ ููุทูุฉ Demand ูููุฉ (ุชุฌูุน ุงูุดุฑุงุก)
โ EMA ูู ุชุฑุชูุจ ุตุงุนุฏ ููู
โ MACD ุชูุงุทุน ุฐูุจู ุตุงุนุฏ
โ ุงูุงุชุฌ
2025-12-11 07:09:54,791 - root - INFO - 
[19/22] ๐ ุชุญููู HYPE/USDT...
2025-12-11 07:09:54,814 - root - INFO - โ ุชู ุฅุฑุณุงู ุชูุจูู ุฌุฏูุฏ LUNA/USDT: BUY (ููุฉ: 100%) - ุงูุตูุบุฉ ุงูุฌุฏูุฏุฉ ูุน ICT
2025-12-11 07:09:54,815 - root - INFO -    ๐ฏ ุชุญููู ICT: ๐ฏ ICT ุฅุดุงุฑุฉ ุดุฑุงุก ูููุฉ (62%)
โ ููุทูุฉ Demand ูููุฉ (ุชุฌูุน ุงูุดุฑุงุก)
โ EMA ูู ุชุฑุชูุจ ุตุงุนุฏ ููู
โ MACD ุชูุงุทุน ุฐูุจู ุตุงุนุฏ
โ ุงูุงุชุฌุงู ุงูุฑุฆูุณู (4H) ุตุงุนุฏ ููู
2025-12-11 07:09:54,815 - root - INFO - 
[20/22] ๐ ุชุญููู FIL/USDT...
2025-12-11 07:09:54,880 - root - INFO - ๐ ADA/USDT: NEUTRAL (ููุฉ: 58%) - ุถุนููุฉ
2025-12-11 07:09:54,880 - root - INFO - 
[21/22] ๐ ุชุญููู PUMP/USDT...
2025-12-11 07:09:55,021 - root - INFO - ๐ PEPE/USDT: NEUTRAL (ููุฉ: 40%) - ุถุนููุฉ
2025-12-11 07:09:55,021 - root - INFO - 
[22/22] ๐ ุชุญููู UNI/USDT...
2025-12-11 07:09:55,115 - root - INFO - ๐ BNB/USDT: NEUTRAL (ููุฉ: 58%) - ุถุนููุฉ
2025-12-11 07:09:55,146 - root - INFO - ๐ AVAX/USDT: NEUTRAL (ููุฉ: 57%) - ุถุนููุฉ
2025-12-11 07:09:55,219 - root - INFO - ๐ LTC/USDT: NEUTRAL (ููุฉ: 58%) - ุถุนููุฉ
2025-12-11 07:09:55,227 - root - INFO - ๐ ZEC/USDT: NEUTRAL (ููุฉ: 100%) - ุถุนููุฉ
2025-12-11 07:09:55,232 - root - INFO - ๐ LINK/USDT: NEUTRAL (ููุฉ: 25%) - ุถุนููุฉ
2025-12-11 07:09:55,281 - root - WARNING - โ๏ธ fetch_ohlcv HYPE/USDT 15m failed (attempt 1/3): okx {"msg":"Too Many Requests","code":"50011"}; retrying in 1.0s
2025-12-11 07:09:55,283 - root - WARNING - โ๏ธ fetch_ohlcv FIL/USDT 15m failed (attempt 1/3): okx {"msg":"Too Many Requests","code":"50011"}; retrying in 1.0s
2025-12-11 07:09:55,308 - root - INFO - โ ุชู ุฅุฑุณุงู ุชูุจูู ุฌุฏูุฏ BCH/USDT: BUY (ููุฉ: 76%) - ุงูุตูุบุฉ ุงูุฌุฏูุฏุฉ ูุน ICT
2025-12-11 07:09:55,308 - root - INFO -    ๐ฏ ุชุญููู ICT: ๐ฏ ICT ุฅุดุงุฑุฉ ุดุฑุงุก ูููุฉ (78%)
โ ุงูุณุนุฑ ูู ููุทูุฉ Order Block ูููุฉ
โ ููุทูุฉ Demand ูููุฉ (ุชุฌูุน ุงูุดุฑุงุก)
โ EMA ูู ุชุฑุชูุจ ุตุงุนุฏ ููู
โ MACD ุชูุงุทุน ุฐูุจู ุตุงุนุฏ
โ ุงูุงุชุฌ
2025-12-11 07:09:55,339 - root - WARNING - โ๏ธ fetch_ohlcv PUMP/USDT 15m failed (attempt 1/3): okx {"msg":"Too Many Requests","code":"50011"}; retrying in 1.0s
2025-12-11 07:09:55,500 - root - WARNING - โ๏ธ fetch_ohlcv UNI/USDT 15m failed (attempt 1/3): okx {"msg":"Too Many Requests","code":"50011"}; retrying in 1.0s
2025-12-11 07:09:56,505 - root - INFO - ๐ HYPE/USDT: SELL (ููุฉ: 0%) - ุถุนููุฉ
2025-12-11 07:09:56,554 - root - INFO - ๐ FIL/USDT: NEUTRAL (ููุฉ: 57%) - ุถุนููุฉ
2025-12-11 07:09:56,614 - root - INFO - ๐ PUMP/USDT: NEUTRAL (ููุฉ: 57%) - ุถุนููุฉ
2025-12-11 07:09:56,749 - root - INFO - ๐ UNI/USDT: NEUTRAL (ููุฉ: 52%) - ุถุนููุฉ
2025-12-11 07:09:56,751 - root - INFO - โณ ุงูุงูุชุธุงุฑ 300 ุซุงููุฉ...
