nohup: ignoring input
2025-12-11 07:18:56,325 - root - INFO - ๐ ุชู ุชููุฆุฉ ุงูุจูุช ุจูุฌุงุญ
2025-12-11 07:18:56,326 - root - INFO - ๐ ุจุฏุก ุญููุฉ ุงููุฑุงูุจุฉ ุงูุฑุฆูุณูุฉ
2025-12-11 07:18:56,326 - root - INFO - 
======================================================================
2025-12-11 07:18:56,326 - root - INFO - ๐ ุฌูุจ ูุงุฆูุฉ ุงูุนููุงุช ุงูุฌุฏูุฏุฉ...
2025-12-11 07:18:59,485 - root - INFO - โ ุชู ุฌูุจ 22 ุนููุฉ
2025-12-11 07:18:59,486 - root - INFO - 
[1/22] ๐ ุชุญููู BTC/USDT...
2025-12-11 07:18:59,486 - root - INFO - 
[2/22] ๐ ุชุญููู ETH/USDT...
2025-12-11 07:18:59,487 - root - INFO - 
[3/22] ๐ ุชุญููู SOL/USDT...
2025-12-11 07:18:59,487 - root - INFO - 
[4/22] ๐ ุชุญููู DOGE/USDT...
2025-12-11 07:18:59,488 - root - INFO - 
[5/22] ๐ ุชุญููู NIGHT/USDT...
2025-12-11 07:18:59,488 - root - INFO - 
[6/22] ๐ ุชุญููู XRP/USDT...
2025-12-11 07:18:59,488 - root - INFO - 
[7/22] ๐ ุชุญููู LUNA/USDT...
2025-12-11 07:18:59,489 - root - INFO - 
[8/22] ๐ ุชุญููู WET/USDT...
2025-12-11 07:18:59,489 - root - INFO - 
[9/22] ๐ ุชุญููู OKB/USDT...
2025-12-11 07:18:59,489 - root - INFO - 
[10/22] ๐ ุชุญููู SUI/USDT...
2025-12-11 07:18:59,986 - root - INFO - โ ุชู ุฅุฑุณุงู ุชูุจูู ุฌุฏูุฏ BTC/USDT: BUY (ููุฉ: 77%) - ุงูุตูุบุฉ ุงูุฌุฏูุฏุฉ ูุน ICT
2025-12-11 07:18:59,986 - root - INFO -    ๐ฏ ุชุญููู ICT: ๐ฏ ICT ุฅุดุงุฑุฉ ุดุฑุงุก ูููุฉ (78%)
โ ุงูุณุนุฑ ูู ููุทูุฉ Order Block ูููุฉ
โ ููุทูุฉ Demand ูููุฉ (ุชุฌูุน ุงูุดุฑุงุก)
โ MACD ุชูุงุทุน ุฐูุจู ุตุงุนุฏ
โ ูููุงุช ุจููููุฌุฑ: ุถุบุท/ุงููุฌุงุฑ ุตุงุน
2025-12-11 07:18:59,986 - root - INFO - 
[11/22] ๐ ุชุญููู ADA/USDT...
2025-12-11 07:19:00,164 - root - INFO - 
[12/22] ๐ ุชุญููู PEPE/USDT...
2025-12-11 07:19:00,261 - root - INFO - ๐ SOL/USDT: NEUTRAL (ููุฉ: 68%) - ุถุนููุฉ
2025-12-11 07:19:00,262 - root - INFO - 
[13/22] ๐ ุชุญููู AVAX/USDT...
2025-12-11 07:19:00,305 - root - INFO - 
[14/22] ๐ ุชุญููู BNB/USDT...
2025-12-11 07:19:00,327 - root - INFO - ๐ SUI/USDT: NEUTRAL (ููุฉ: 34%) - ุถุนููุฉ
2025-12-11 07:19:00,366 - root - INFO - 
[15/22] ๐ ุชุญููู LINK/USDT...
2025-12-11 07:19:00,368 - root - INFO - ๐ ETH/USDT: NEUTRAL (ููุฉ: 56%) - ุถุนููุฉ
2025-12-11 07:19:00,372 - root - INFO - 
[16/22] ๐ ุชุญููู ZEC/USDT...
2025-12-11 07:19:00,390 - root - INFO - ๐ DOGE/USDT: NEUTRAL (ููุฉ: 48%) - ุถุนููุฉ
2025-12-11 07:19:00,390 - root - INFO - 
[17/22] ๐ ุชุญููู LTC/USDT...
2025-12-11 07:19:00,418 - root - INFO - โ ุชู ุฅุฑุณุงู ุชูุจูู ุฌุฏูุฏ OKB/USDT: BUY (ููุฉ: 100%) - ุงูุตูุบุฉ ุงูุฌุฏูุฏุฉ ูุน ICT
2025-12-11 07:19:00,418 - root - INFO -    ๐ฏ ุชุญููู ICT: ๐ฏ ICT ุฅุดุงุฑุฉ ุดุฑุงุก ูููุฉ (72%)
โ ููุทูุฉ Demand ูููุฉ (ุชุฌูุน ุงูุดุฑุงุก)
โ EMA ูู ุชุฑุชูุจ ุตุงุนุฏ ููู
โ MACD ุชูุงุทุน ุฐูุจู ุตุงุนุฏ
โ ูููุงุช ุจููููุฌุฑ: ุถุบุท/ุงููุฌุงุฑ ุตุงุนุฏ
๐ช ADX: ุง
2025-12-11 07:19:00,419 - root - INFO - 
[18/22] ๐ ุชุญููู BCH/USDT...
2025-12-11 07:19:00,460 - root - INFO - ๐ ADA/USDT: NEUTRAL (ููุฉ: 40%) - ุถุนููุฉ
2025-12-11 07:19:00,470 - root - INFO - 
[19/22] ๐ ุชุญููู HYPE/USDT...
2025-12-11 07:19:00,505 - root - INFO - โ ุชู ุฅุฑุณุงู ุชูุจูู ุฌุฏูุฏ LUNA/USDT: BUY (ููุฉ: 100%) - ุงูุตูุบุฉ ุงูุฌุฏูุฏุฉ ูุน ICT
2025-12-11 07:19:00,505 - root - INFO -    ๐ฏ ุชุญููู ICT: ๐ฏ ICT ุฅุดุงุฑุฉ ุดุฑุงุก ูููุฉ (72%)
โ ููุทูุฉ Demand ูููุฉ (ุชุฌูุน ุงูุดุฑุงุก)
โ EMA ูู ุชุฑุชูุจ ุตุงุนุฏ ููู
โ MACD ุชูุงุทุน ุฐูุจู ุตุงุนุฏ
โ ูููุงุช ุจููููุฌุฑ: ุถุบุท/ุงููุฌุงุฑ ุตุงุนุฏ
๐ช ADX: ุง
2025-12-11 07:19:00,505 - root - INFO - 
[20/22] ๐ ุชุญููู FIL/USDT...
2025-12-11 07:19:00,532 - root - INFO - โ ุชู ุฅุฑุณุงู ุชูุจูู ุฌุฏูุฏ XRP/USDT: BUY (ููุฉ: 83%) - ุงูุตูุบุฉ ุงูุฌุฏูุฏุฉ ูุน ICT
2025-12-11 07:19:00,533 - root - INFO -    ๐ฏ ุชุญููู ICT: ๐ฏ ICT ุฅุดุงุฑุฉ ุดุฑุงุก ูููุฉ (78%)
โ ุงูุณุนุฑ ูู ููุทูุฉ Order Block ูููุฉ
โ ููุทูุฉ Demand ูููุฉ (ุชุฌูุน ุงูุดุฑุงุก)
โ EMA ูู ุชุฑุชูุจ ุตุงุนุฏ ููู
โ MACD ุชูุงุทุน ุฐูุจู ุตุงุนุฏ
โ ูููุงุช
2025-12-11 07:19:00,533 - root - INFO - 
[21/22] ๐ ุชุญููู PUMP/USDT...
2025-12-11 07:19:00,620 - root - INFO - ๐ PEPE/USDT: SELL (ููุฉ: 31%) - ุถุนููุฉ
2025-12-11 07:19:00,621 - root - INFO - 
[22/22] ๐ ุชุญููู UNI/USDT...
2025-12-11 07:19:00,797 - root - INFO - ๐ AVAX/USDT: NEUTRAL (ููุฉ: 55%) - ุถุนููุฉ
2025-12-11 07:19:00,872 - root - INFO - ๐ LINK/USDT: SELL (ููุฉ: 18%) - ุถุนููุฉ
2025-12-11 07:19:00,961 - root - WARNING - โ๏ธ fetch_ohlcv FIL/USDT 15m failed (attempt 1/3): okx {"msg":"Too Many Requests","code":"50011"}; retrying in 1.0s
2025-12-11 07:19:00,991 - root - INFO - ๐ LTC/USDT: NEUTRAL (ููุฉ: 48%) - ุถุนููุฉ
2025-12-11 07:19:00,969 - root - WARNING - โ๏ธ fetch_ohlcv HYPE/USDT 15m failed (attempt 1/3): okx {"msg":"Too Many Requests","code":"50011"}; retrying in 1.0s
2025-12-11 07:19:01,022 - root - WARNING - โ๏ธ fetch_ohlcv PUMP/USDT 15m failed (attempt 1/3): okx {"msg":"Too Many Requests","code":"50011"}; retrying in 1.0s
2025-12-11 07:19:01,032 - root - INFO - ๐ BNB/USDT: NEUTRAL (ููุฉ: 57%) - ุถุนููุฉ
2025-12-11 07:19:01,099 - root - WARNING - โ๏ธ fetch_ohlcv UNI/USDT 15m failed (attempt 1/3): okx {"msg":"Too Many Requests","code":"50011"}; retrying in 1.0s
2025-12-11 07:19:01,160 - root - INFO - โ ุชู ุฅุฑุณุงู ุชูุจูู ุฌุฏูุฏ ZEC/USDT: BUY (ููุฉ: 100%) - ุงูุตูุบุฉ ุงูุฌุฏูุฏุฉ ูุน ICT
2025-12-11 07:19:01,160 - root - INFO -    ๐ฏ ุชุญููู ICT: ๐ฏ ICT ุฅุดุงุฑุฉ ุดุฑุงุก ูููุฉ (78%)
โ ุงูุณุนุฑ ูู ููุทูุฉ Order Block ูููุฉ
โ ููุทูุฉ Demand ูููุฉ (ุชุฌูุน ุงูุดุฑุงุก)
โ EMA ูู ุชุฑุชูุจ ุตุงุนุฏ ููู
โ MACD ุชูุงุทุน ุฐูุจู ุตุงุนุฏ
โ ูููุงุช
2025-12-11 07:19:01,224 - root - INFO - โ ุชู ุฅุฑุณุงู ุชูุจูู ุฌุฏูุฏ BCH/USDT: BUY (ููุฉ: 79%) - ุงูุตูุบุฉ ุงูุฌุฏูุฏุฉ ูุน ICT
2025-12-11 07:19:01,224 - root - INFO -    ๐ฏ ุชุญููู ICT: ๐ฏ ICT ุฅุดุงุฑุฉ ุดุฑุงุก ูููุฉ (78%)
โ ุงูุณุนุฑ ูู ููุทูุฉ Order Block ูููุฉ
โ ููุทูุฉ Demand ูููุฉ (ุชุฌูุน ุงูุดุฑุงุก)
โ EMA ูู ุชุฑุชูุจ ุตุงุนุฏ ููู
โ MACD ุชูุงุทุน ุฐูุจู ุตุงุนุฏ
โ ูููุงุช
2025-12-11 07:19:02,244 - root - INFO - โ ุชู ุฅุฑุณุงู ุชูุจูู ุฌุฏูุฏ FIL/USDT: BUY (ููุฉ: 77%) - ุงูุตูุบุฉ ุงูุฌุฏูุฏุฉ ูุน ICT
2025-12-11 07:19:02,244 - root - INFO -    ๐ฏ ุชุญููู ICT: ๐ฏ ICT ุฅุดุงุฑุฉ ุดุฑุงุก ูููุฉ (62%)
โ ููุทูุฉ Demand ูููุฉ (ุชุฌูุน ุงูุดุฑุงุก)
โ EMA ูู ุชุฑุชูุจ ุตุงุนุฏ ููู
โ MACD ุชูุงุทุน ุฐูุจู ุตุงุนุฏ
โ ูููุงุช ุจููููุฌุฑ: ุถุบุท/ุงููุฌุงุฑ ุตุงุนุฏ
๐ช ADX: ุง
2025-12-11 07:19:02,274 - root - INFO - ๐ HYPE/USDT: SELL (ููุฉ: 0%) - ุถุนููุฉ
2025-12-11 07:19:02,320 - root - INFO - ๐ UNI/USDT: NEUTRAL (ููุฉ: 52%) - ุถุนููุฉ
2025-12-11 07:19:02,331 - root - INFO - โ ุชู ุฅุฑุณุงู ุชูุจูู ุฌุฏูุฏ PUMP/USDT: BUY (ููุฉ: 77%) - ุงูุตูุบุฉ ุงูุฌุฏูุฏุฉ ูุน ICT
2025-12-11 07:19:02,331 - root - INFO -    ๐ฏ ุชุญููู ICT: ๐ฏ ICT ุฅุดุงุฑุฉ ุดุฑุงุก ูููุฉ (62%)
โ ููุทูุฉ Demand ูููุฉ (ุชุฌูุน ุงูุดุฑุงุก)
โ EMA ูู ุชุฑุชูุจ ุตุงุนุฏ ููู
โ MACD ุชูุงุทุน ุฐูุจู ุตุงุนุฏ
โ ูููุงุช ุจููููุฌุฑ: ุถุบุท/ุงููุฌุงุฑ ุตุงุนุฏ
๐ช ADX: ุง
2025-12-11 07:19:02,332 - root - INFO - โณ ุงูุงูุชุธุงุฑ 300 ุซุงููุฉ...
2025-12-11 07:24:02,332 - root - INFO - 
======================================================================
2025-12-11 07:24:02,333 - root - INFO - ๐ ุฌูุจ ูุงุฆูุฉ ุงูุนููุงุช ุงูุฌุฏูุฏุฉ...
2025-12-11 07:24:12,343 - root - WARNING - โ๏ธ fetch_markets/tickers failed (attempt 1/3): okx GET https://www.okx.com/api/v5/public/instruments?instType=SPOT; retrying in 1.0s
2025-12-11 07:24:14,874 - root - INFO - โ ุชู ุฌูุจ 22 ุนููุฉ
2025-12-11 07:24:14,875 - root - INFO - 
[1/22] ๐ ุชุญููู BTC/USDT...
2025-12-11 07:24:14,876 - root - INFO - 
[2/22] ๐ ุชุญููู ETH/USDT...
2025-12-11 07:24:14,877 - root - INFO - 
[3/22] ๐ ุชุญููู SOL/USDT...
2025-12-11 07:24:14,877 - root - INFO - 
[4/22] ๐ ุชุญููู DOGE/USDT...
2025-12-11 07:24:14,877 - root - INFO - 
[5/22] ๐ ุชุญููู NIGHT/USDT...
2025-12-11 07:24:14,878 - root - INFO - 
[6/22] ๐ ุชุญููู XRP/USDT...
2025-12-11 07:24:14,878 - root - INFO - 
[7/22] ๐ ุชุญููู LUNA/USDT...
2025-12-11 07:24:14,879 - root - INFO - 
[8/22] ๐ ุชุญููู WET/USDT...
2025-12-11 07:24:14,879 - root - INFO - 
[9/22] ๐ ุชุญููู OKB/USDT...
2025-12-11 07:24:14,879 - root - INFO - 
[10/22] ๐ ุชุญููู SUI/USDT...
2025-12-11 07:24:15,296 - root - INFO - โ ุชู ุฅุฑุณุงู ุชูุจูู ุฌุฏูุฏ BTC/USDT: BUY (ููุฉ: 77%) - ุงูุตูุบุฉ ุงูุฌุฏูุฏุฉ ูุน ICT
2025-12-11 07:24:15,296 - root - INFO -    ๐ฏ ุชุญููู ICT: ๐ฏ ICT ุฅุดุงุฑุฉ ุดุฑุงุก ูููุฉ (78%)
โ ุงูุณุนุฑ ูู ููุทูุฉ Order Block ูููุฉ
โ ููุทูุฉ Demand ูููุฉ (ุชุฌูุน ุงูุดุฑุงุก)
โ MACD ุชูุงุทุน ุฐูุจู ุตุงุนุฏ
โ ูููุงุช ุจููููุฌุฑ: ุถุบุท/ุงููุฌุงุฑ ุตุงุน
2025-12-11 07:24:15,296 - root - INFO - 
[11/22] ๐ ุชุญููู ADA/USDT...
2025-12-11 07:24:15,752 - root - INFO - ๐ ADA/USDT: NEUTRAL (ููุฉ: 40%) - ุถุนููุฉ
2025-12-11 07:24:15,752 - root - INFO - 
[12/22] ๐ ุชุญููู PEPE/USDT...
2025-12-11 07:24:16,234 - root - INFO - ๐ PEPE/USDT: SELL (ููุฉ: 31%) - ุถุนููุฉ
2025-12-11 07:24:16,235 - root - INFO - 
[13/22] ๐ ุชุญููู AVAX/USDT...
2025-12-11 07:24:16,688 - root - INFO - ๐ AVAX/USDT: NEUTRAL (ููุฉ: 68%) - ุถุนููุฉ
2025-12-11 07:24:16,689 - root - INFO - 
[14/22] ๐ ุชุญููู BNB/USDT...
2025-12-11 07:24:17,153 - root - INFO - ๐ BNB/USDT: NEUTRAL (ููุฉ: 40%) - ุถุนููุฉ
2025-12-11 07:24:17,156 - root - INFO - 
[15/22] ๐ ุชุญููู LINK/USDT...
2025-12-11 07:24:17,598 - root - INFO - ๐ LINK/USDT: SELL (ููุฉ: 18%) - ุถุนููุฉ
2025-12-11 07:24:17,598 - root - INFO - 
[16/22] ๐ ุชุญููู ZEC/USDT...
2025-12-11 07:24:18,056 - root - INFO - โ ุชู ุฅุฑุณุงู ุชูุจูู ุฌุฏูุฏ ZEC/USDT: BUY (ููุฉ: 100%) - ุงูุตูุบุฉ ุงูุฌุฏูุฏุฉ ูุน ICT
2025-12-11 07:24:18,056 - root - INFO -    ๐ฏ ุชุญููู ICT: ๐ฏ ICT ุฅุดุงุฑุฉ ุดุฑุงุก ูููุฉ (78%)
โ ุงูุณุนุฑ ูู ููุทูุฉ Order Block ูููุฉ
โ ููุทูุฉ Demand ูููุฉ (ุชุฌูุน ุงูุดุฑุงุก)
โ EMA ูู ุชุฑุชูุจ ุตุงุนุฏ ููู
โ MACD ุชูุงุทุน ุฐูุจู ุตุงุนุฏ
โ ูููุงุช
2025-12-11 07:24:18,057 - root - INFO - 
[17/22] ๐ ุชุญููู LTC/USDT...
2025-12-11 07:24:18,494 - root - INFO - ๐ LTC/USDT: NEUTRAL (ููุฉ: 48%) - ุถุนููุฉ
2025-12-11 07:24:18,494 - root - INFO - 
[18/22] ๐ ุชุญููู BCH/USDT...
2025-12-11 07:24:18,924 - root - INFO - โ ุชู ุฅุฑุณุงู ุชูุจูู ุฌุฏูุฏ BCH/USDT: BUY (ููุฉ: 79%) - ุงูุตูุบุฉ ุงูุฌุฏูุฏุฉ ูุน ICT
2025-12-11 07:24:18,924 - root - INFO -    ๐ฏ ุชุญููู ICT: ๐ฏ ICT ุฅุดุงุฑุฉ ุดุฑุงุก ูููุฉ (78%)
โ ุงูุณุนุฑ ูู ููุทูุฉ Order Block ูููุฉ
โ ููุทูุฉ Demand ูููุฉ (ุชุฌูุน ุงูุดุฑุงุก)
โ EMA ูู ุชุฑุชูุจ ุตุงุนุฏ ููู
โ MACD ุชูุงุทุน ุฐูุจู ุตุงุนุฏ
โ ูููุงุช
2025-12-11 07:24:18,924 - root - INFO - 
[19/22] ๐ ุชุญููู HYPE/USDT...
2025-12-11 07:24:19,356 - root - INFO - ๐ HYPE/USDT: SELL (ููุฉ: 0%) - ุถุนููุฉ
2025-12-11 07:24:19,357 - root - INFO - 
[20/22] ๐ ุชุญููู FIL/USDT...
2025-12-11 07:24:19,788 - root - INFO - โ ุชู ุฅุฑุณุงู ุชูุจูู ุฌุฏูุฏ FIL/USDT: BUY (ููุฉ: 77%) - ุงูุตูุบุฉ ุงูุฌุฏูุฏุฉ ูุน ICT
2025-12-11 07:24:19,788 - root - INFO -    ๐ฏ ุชุญููู ICT: ๐ฏ ICT ุฅุดุงุฑุฉ ุดุฑุงุก ูููุฉ (62%)
โ ููุทูุฉ Demand ูููุฉ (ุชุฌูุน ุงูุดุฑุงุก)
โ EMA ูู ุชุฑุชูุจ ุตุงุนุฏ ููู
โ MACD ุชูุงุทุน ุฐูุจู ุตุงุนุฏ
โ ูููุงุช ุจููููุฌุฑ: ุถุบุท/ุงููุฌุงุฑ ุตุงุนุฏ
๐ช ADX: ุง
2025-12-11 07:24:19,788 - root - INFO - 
[21/22] ๐ ุชุญููู PUMP/USDT...
2025-12-11 07:24:20,205 - root - INFO - โ ุชู ุฅุฑุณุงู ุชูุจูู ุฌุฏูุฏ PUMP/USDT: BUY (ููุฉ: 77%) - ุงูุตูุบุฉ ุงูุฌุฏูุฏุฉ ูุน ICT
2025-12-11 07:24:20,205 - root - INFO -    ๐ฏ ุชุญููู ICT: ๐ฏ ICT ุฅุดุงุฑุฉ ุดุฑุงุก ูููุฉ (62%)
โ ููุทูุฉ Demand ูููุฉ (ุชุฌูุน ุงูุดุฑุงุก)
โ EMA ูู ุชุฑุชูุจ ุตุงุนุฏ ููู
โ MACD ุชูุงุทุน ุฐูุจู ุตุงุนุฏ
โ ูููุงุช ุจููููุฌุฑ: ุถุบุท/ุงููุฌุงุฑ ุตุงุนุฏ
๐ช ADX: ุง
2025-12-11 07:24:20,206 - root - INFO - 
[22/22] ๐ ุชุญููู UNI/USDT...
2025-12-11 07:24:20,640 - root - INFO - ๐ UNI/USDT: NEUTRAL (ููุฉ: 52%) - ุถุนููุฉ
2025-12-11 07:24:24,942 - root - WARNING - โ๏ธ fetch_ohlcv ETH/USDT 4h failed (attempt 1/3): okx GET https://www.okx.com/api/v5/market/candles?instId=ETH-USDT&bar=4H&limit=100; retrying in 1.0s
2025-12-11 07:24:24,942 - root - WARNING - โ๏ธ fetch_ohlcv WET/USDT 4h failed (attempt 1/3): okx GET https://www.okx.com/api/v5/market/candles?instId=WET-USDT&bar=4H&limit=100; retrying in 1.0s
2025-12-11 07:24:24,942 - root - WARNING - โ๏ธ fetch_ohlcv SUI/USDT 4h failed (attempt 1/3): okx GET https://www.okx.com/api/v5/market/candles?instId=SUI-USDT&bar=4H&limit=100; retrying in 1.0s
2025-12-11 07:24:24,942 - root - WARNING - โ๏ธ fetch_ohlcv SOL/USDT 4h failed (attempt 1/3): okx GET https://www.okx.com/api/v5/market/candles?instId=SOL-USDT&bar=4H&limit=100; retrying in 1.0s
2025-12-11 07:24:24,943 - root - WARNING - โ๏ธ fetch_ohlcv NIGHT/USDT 4h failed (attempt 1/3): okx GET https://www.okx.com/api/v5/market/candles?instId=NIGHT-USDT&bar=4H&limit=100; retrying in 1.0s
2025-12-11 07:24:24,942 - root - WARNING - โ๏ธ fetch_ohlcv OKB/USDT 4h failed (attempt 1/3): okx GET https://www.okx.com/api/v5/market/candles?instId=OKB-USDT&bar=4H&limit=100; retrying in 1.0s
2025-12-11 07:24:24,943 - root - WARNING - โ๏ธ fetch_ohlcv DOGE/USDT 4h failed (attempt 1/3): okx GET https://www.okx.com/api/v5/market/candles?instId=DOGE-USDT&bar=4H&limit=100; retrying in 1.0s
2025-12-11 07:24:24,943 - root - WARNING - โ๏ธ fetch_ohlcv XRP/USDT 4h failed (attempt 1/3): okx GET https://www.okx.com/api/v5/market/candles?instId=XRP-USDT&bar=4H&limit=100; retrying in 1.0s
2025-12-11 07:24:24,943 - root - WARNING - โ๏ธ fetch_ohlcv LUNA/USDT 4h failed (attempt 1/3): okx GET https://www.okx.com/api/v5/market/candles?instId=LUNA-USDT&bar=4H&limit=100; retrying in 1.0s
2025-12-11 07:24:26,465 - root - INFO - ๐ ETH/USDT: NEUTRAL (ููุฉ: 40%) - ุถุนููุฉ
2025-12-11 07:24:26,651 - root - INFO - ๐ DOGE/USDT: NEUTRAL (ููุฉ: 48%) - ุถุนููุฉ
2025-12-11 07:24:26,783 - root - INFO - โ ุชู ุฅุฑุณุงู ุชูุจูู ุฌุฏูุฏ XRP/USDT: BUY (ููุฉ: 83%) - ุงูุตูุบุฉ ุงูุฌุฏูุฏุฉ ูุน ICT
2025-12-11 07:24:26,811 - root - INFO -    ๐ฏ ุชุญููู ICT: ๐ฏ ICT ุฅุดุงุฑุฉ ุดุฑุงุก ูููุฉ (78%)
โ ุงูุณุนุฑ ูู ููุทูุฉ Order Block ูููุฉ
โ ููุทูุฉ Demand ูููุฉ (ุชุฌูุน ุงูุดุฑุงุก)
โ EMA ูู ุชุฑุชูุจ ุตุงุนุฏ ููู
โ MACD ุชูุงุทุน ุฐูุจู ุตุงุนุฏ
โ ูููุงุช
2025-12-11 07:24:26,815 - root - INFO - โ ุชู ุฅุฑุณุงู ุชูุจูู ุฌุฏูุฏ OKB/USDT: BUY (ููุฉ: 100%) - ุงูุตูุบุฉ ุงูุฌุฏูุฏุฉ ูุน ICT
2025-12-11 07:24:26,820 - root - INFO - ๐ SOL/USDT: NEUTRAL (ููุฉ: 68%) - ุถุนููุฉ
2025-12-11 07:24:26,823 - root - INFO -    ๐ฏ ุชุญููู ICT: ๐ฏ ICT ุฅุดุงุฑุฉ ุดุฑุงุก ูููุฉ (88%)
โ ุงูุณุนุฑ ูู ููุทูุฉ Order Block ูููุฉ
โ ููุทูุฉ Demand ูููุฉ (ุชุฌูุน ุงูุดุฑุงุก)
โ MACD ุชูุงุทุน ุฐูุจู ุตุงุนุฏ
โ ูููุงุช ุจููููุฌุฑ: ุถุบุท/ุงููุฌุงุฑ ุตุงุน
2025-12-11 07:24:26,839 - root - INFO - โ ุชู ุฅุฑุณุงู ุชูุจูู ุฌุฏูุฏ LUNA/USDT: BUY (ููุฉ: 100%) - ุงูุตูุบุฉ ุงูุฌุฏูุฏุฉ ูุน ICT
2025-12-11 07:24:26,857 - root - INFO - ๐ SUI/USDT: NEUTRAL (ููุฉ: 34%) - ุถุนููุฉ
2025-12-11 07:24:26,858 - root - INFO -    ๐ฏ ุชุญููู ICT: ๐ฏ ICT ุฅุดุงุฑุฉ ุดุฑุงุก ูููุฉ (62%)
โ ููุทูุฉ Demand ูููุฉ (ุชุฌูุน ุงูุดุฑุงุก)
โ EMA ูู ุชุฑุชูุจ ุตุงุนุฏ ููู
โ MACD ุชูุงุทุน ุฐูุจู ุตุงุนุฏ
โ ูููุงุช ุจููููุฌุฑ: ุถุบุท/ุงููุฌุงุฑ ุตุงุนุฏ
๐ช ADX: ุง
2025-12-11 07:24:26,859 - root - INFO - โณ ุงูุงูุชุธุงุฑ 300 ุซุงููุฉ...
2025-12-11 07:29:26,859 - root - INFO - 
======================================================================
2025-12-11 07:29:26,859 - root - INFO - ๐ ุฌูุจ ูุงุฆูุฉ ุงูุนููุงุช ุงูุฌุฏูุฏุฉ...
2025-12-11 07:29:36,870 - root - WARNING - โ๏ธ fetch_markets/tickers failed (attempt 1/3): okx GET https://www.okx.com/api/v5/public/instruments?instType=SPOT; retrying in 1.0s
2025-12-11 07:29:39,431 - root - INFO - โ ุชู ุฌูุจ 22 ุนููุฉ
2025-12-11 07:29:39,431 - root - INFO - 
[1/22] ๐ ุชุญููู BTC/USDT...
2025-12-11 07:29:39,432 - root - INFO - 
[2/22] ๐ ุชุญููู ETH/USDT...
2025-12-11 07:29:39,432 - root - INFO - 
[3/22] ๐ ุชุญููู SOL/USDT...
2025-12-11 07:29:39,434 - root - INFO - 
[4/22] ๐ ุชุญููู DOGE/USDT...
2025-12-11 07:29:39,435 - root - INFO - 
[5/22] ๐ ุชุญููู NIGHT/USDT...
2025-12-11 07:29:39,435 - root - INFO - 
[6/22] ๐ ุชุญููู XRP/USDT...
2025-12-11 07:29:39,436 - root - INFO - 
[7/22] ๐ ุชุญููู LUNA/USDT...
2025-12-11 07:29:39,436 - root - INFO - 
[8/22] ๐ ุชุญููู WET/USDT...
2025-12-11 07:29:39,437 - root - INFO - 
[9/22] ๐ ุชุญููู OKB/USDT...
2025-12-11 07:29:39,438 - root - INFO - 
[10/22] ๐ ุชุญููู SUI/USDT...
2025-12-11 07:29:39,876 - root - INFO - ๐ BTC/USDT: NEUTRAL (ููุฉ: 52%) - ุถุนููุฉ
2025-12-11 07:29:39,876 - root - INFO - 
[11/22] ๐ ุชุญููู ADA/USDT...
2025-12-11 07:29:40,324 - root - INFO - ๐ ADA/USDT: NEUTRAL (ููุฉ: 40%) - ุถุนููุฉ
2025-12-11 07:29:40,325 - root - INFO - 
[12/22] ๐ ุชุญููู PEPE/USDT...
2025-12-11 07:29:40,767 - root - INFO - ๐ PEPE/USDT: SELL (ููุฉ: 31%) - ุถุนููุฉ
2025-12-11 07:29:40,768 - root - INFO - 
[13/22] ๐ ุชุญููู AVAX/USDT...
2025-12-11 07:29:41,224 - root - INFO - ๐ AVAX/USDT: NEUTRAL (ููุฉ: 68%) - ุถุนููุฉ
2025-12-11 07:29:41,224 - root - INFO - 
[14/22] ๐ ุชุญููู BNB/USDT...
2025-12-11 07:29:41,676 - root - INFO - ๐ BNB/USDT: NEUTRAL (ููุฉ: 40%) - ุถุนููุฉ
2025-12-11 07:29:41,676 - root - INFO - 
[15/22] ๐ ุชุญููู LINK/USDT...
2025-12-11 07:29:42,119 - root - INFO - ๐ LINK/USDT: SELL (ููุฉ: 18%) - ุถุนููุฉ
2025-12-11 07:29:42,119 - root - INFO - 
[16/22] ๐ ุชุญููู ZEC/USDT...
2025-12-11 07:29:42,572 - root - INFO - โ ุชู ุฅุฑุณุงู ุชูุจูู ุฌุฏูุฏ ZEC/USDT: BUY (ููุฉ: 100%) - ุงูุตูุบุฉ ุงูุฌุฏูุฏุฉ ูุน ICT
2025-12-11 07:29:42,572 - root - INFO -    ๐ฏ ุชุญููู ICT: ๐ฏ ICT ุฅุดุงุฑุฉ ุดุฑุงุก ูููุฉ (78%)
โ ุงูุณุนุฑ ูู ููุทูุฉ Order Block ูููุฉ
โ ููุทูุฉ Demand ูููุฉ (ุชุฌูุน ุงูุดุฑุงุก)
โ EMA ูู ุชุฑุชูุจ ุตุงุนุฏ ููู
โ MACD ุชูุงุทุน ุฐูุจู ุตุงุนุฏ
โ ูููุงุช
2025-12-11 07:29:42,573 - root - INFO - 
[17/22] ๐ ุชุญููู LTC/USDT...
2025-12-11 07:29:43,018 - root - INFO - ๐ LTC/USDT: NEUTRAL (ููุฉ: 40%) - ุถุนููุฉ
2025-12-11 07:29:43,018 - root - INFO - 
[18/22] ๐ ุชุญููู BCH/USDT...
2025-12-11 07:29:43,476 - root - INFO - โ ุชู ุฅุฑุณุงู ุชูุจูู ุฌุฏูุฏ BCH/USDT: BUY (ููุฉ: 79%) - ุงูุตูุบุฉ ุงูุฌุฏูุฏุฉ ูุน ICT
2025-12-11 07:29:43,476 - root - INFO -    ๐ฏ ุชุญููู ICT: ๐ฏ ICT ุฅุดุงุฑุฉ ุดุฑุงุก ูููุฉ (78%)
โ ุงูุณุนุฑ ูู ููุทูุฉ Order Block ูููุฉ
โ ููุทูุฉ Demand ูููุฉ (ุชุฌูุน ุงูุดุฑุงุก)
โ EMA ูู ุชุฑุชูุจ ุตุงุนุฏ ููู
โ MACD ุชูุงุทุน ุฐูุจู ุตุงุนุฏ
โ ูููุงุช
2025-12-11 07:29:43,476 - root - INFO - 
[19/22] ๐ ุชุญููู HYPE/USDT...
2025-12-11 07:29:43,924 - root - INFO - ๐ HYPE/USDT: SELL (ููุฉ: 0%) - ุถุนููุฉ
2025-12-11 07:29:43,925 - root - INFO - 
[20/22] ๐ ุชุญููู FIL/USDT...
2025-12-11 07:29:44,373 - root - INFO - ๐ FIL/USDT: NEUTRAL (ููุฉ: 65%) - ุถุนููุฉ
2025-12-11 07:29:44,374 - root - INFO - 
[21/22] ๐ ุชุญููู PUMP/USDT...
2025-12-11 07:29:44,817 - root - INFO - โ ุชู ุฅุฑุณุงู ุชูุจูู ุฌุฏูุฏ PUMP/USDT: BUY (ููุฉ: 77%) - ุงูุตูุบุฉ ุงูุฌุฏูุฏุฉ ูุน ICT
2025-12-11 07:29:44,817 - root - INFO -    ๐ฏ ุชุญููู ICT: ๐ฏ ICT ุฅุดุงุฑุฉ ุดุฑุงุก ูููุฉ (62%)
โ ููุทูุฉ Demand ูููุฉ (ุชุฌูุน ุงูุดุฑุงุก)
โ EMA ูู ุชุฑุชูุจ ุตุงุนุฏ ููู
โ MACD ุชูุงุทุน ุฐูุจู ุตุงุนุฏ
โ ูููุงุช ุจููููุฌุฑ: ุถุบุท/ุงููุฌุงุฑ ุตุงุนุฏ
๐ช ADX: ุง
2025-12-11 07:29:44,817 - root - INFO - 
[22/22] ๐ ุชุญููู UNI/USDT...
2025-12-11 07:29:45,265 - root - INFO - ๐ UNI/USDT: NEUTRAL (ููุฉ: 52%) - ุถุนููุฉ
2025-12-11 07:29:49,501 - root - WARNING - โ๏ธ fetch_ohlcv ETH/USDT 4h failed (attempt 1/3): okx GET https://www.okx.com/api/v5/market/candles?instId=ETH-USDT&bar=4H&limit=100; retrying in 1.0s
2025-12-11 07:29:49,501 - root - WARNING - โ๏ธ fetch_ohlcv LUNA/USDT 4h failed (attempt 1/3): okx GET https://www.okx.com/api/v5/market/candles?instId=LUNA-USDT&bar=4H&limit=100; retrying in 1.0s
2025-12-11 07:29:49,502 - root - WARNING - โ๏ธ fetch_ohlcv OKB/USDT 4h failed (attempt 1/3): okx GET https://www.okx.com/api/v5/market/candles?instId=OKB-USDT&bar=4H&limit=100; retrying in 1.0s
2025-12-11 07:29:49,502 - root - WARNING - โ๏ธ fetch_ohlcv DOGE/USDT 4h failed (attempt 1/3): okx GET https://www.okx.com/api/v5/market/candles?instId=DOGE-USDT&bar=4H&limit=100; retrying in 1.0s
2025-12-11 07:29:49,503 - root - WARNING - โ๏ธ fetch_ohlcv XRP/USDT 4h failed (attempt 1/3): okx GET https://www.okx.com/api/v5/market/candles?instId=XRP-USDT&bar=4H&limit=100; retrying in 1.0s
2025-12-11 07:29:49,503 - root - WARNING - โ๏ธ fetch_ohlcv SUI/USDT 4h failed (attempt 1/3): okx GET https://www.okx.com/api/v5/market/candles?instId=SUI-USDT&bar=4H&limit=100; retrying in 1.0s
2025-12-11 07:29:49,502 - root - WARNING - โ๏ธ fetch_ohlcv WET/USDT 4h failed (attempt 1/3): okx GET https://www.okx.com/api/v5/market/candles?instId=WET-USDT&bar=4H&limit=100; retrying in 1.0s
2025-12-11 07:29:49,503 - root - WARNING - โ๏ธ fetch_ohlcv NIGHT/USDT 4h failed (attempt 1/3): okx GET https://www.okx.com/api/v5/market/candles?instId=NIGHT-USDT&bar=4H&limit=100; retrying in 1.0s
2025-12-11 07:29:49,504 - root - WARNING - โ๏ธ fetch_ohlcv SOL/USDT 4h failed (attempt 1/3): okx GET https://www.okx.com/api/v5/market/candles?instId=SOL-USDT&bar=4H&limit=100; retrying in 1.0s
2025-12-11 07:29:51,055 - root - INFO - ๐ ETH/USDT: NEUTRAL (ููุฉ: 56%) - ุถุนููุฉ
2025-12-11 07:29:51,121 - root - INFO - ๐ SUI/USDT: NEUTRAL (ููุฉ: 34%) - ุถุนููุฉ
2025-12-11 07:29:51,173 - root - INFO - โ ุชู ุฅุฑุณุงู ุชูุจูู ุฌุฏูุฏ XRP/USDT: BUY (ููุฉ: 77%) - ุงูุตูุบุฉ ุงูุฌุฏูุฏุฉ ูุน ICT
2025-12-11 07:29:51,174 - root - INFO -    ๐ฏ ุชุญููู ICT: ๐ฏ ICT ุฅุดุงุฑุฉ ุดุฑุงุก ูููุฉ (78%)
โ ุงูุณุนุฑ ูู ููุทูุฉ Order Block ูููุฉ
โ ููุทูุฉ Demand ูููุฉ (ุชุฌูุน ุงูุดุฑุงุก)
โ MACD ุชูุงุทุน ุฐูุจู ุตุงุนุฏ
โ ูููุงุช ุจููููุฌุฑ: ุถุบุท/ุงููุฌุงุฑ ุตุงุน
2025-12-11 07:29:51,195 - root - INFO - โ ุชู ุฅุฑุณุงู ุชูุจูู ุฌุฏูุฏ OKB/USDT: BUY (ููุฉ: 100%) - ุงูุตูุบุฉ ุงูุฌุฏูุฏุฉ ูุน ICT
2025-12-11 07:29:51,195 - root - INFO -    ๐ฏ ุชุญููู ICT: ๐ฏ ICT ุฅุดุงุฑุฉ ุดุฑุงุก ูููุฉ (88%)
โ ุงูุณุนุฑ ูู ููุทูุฉ Order Block ูููุฉ
โ ููุทูุฉ Demand ูููุฉ (ุชุฌูุน ุงูุดุฑุงุก)
โ MACD ุชูุงุทุน ุฐูุจู ุตุงุนุฏ
โ ูููุงุช ุจููููุฌุฑ: ุถุบุท/ุงููุฌุงุฑ ุตุงุน
2025-12-11 07:29:51,268 - root - INFO - ๐ DOGE/USDT: NEUTRAL (ููุฉ: 48%) - ุถุนููุฉ
2025-12-11 07:29:51,274 - root - INFO - โ ุชู ุฅุฑุณุงู ุชูุจูู ุฌุฏูุฏ LUNA/USDT: BUY (ููุฉ: 100%) - ุงูุตูุบุฉ ุงูุฌุฏูุฏุฉ ูุน ICT
2025-12-11 07:29:51,275 - root - INFO -    ๐ฏ ุชุญููู ICT: ๐ฏ ICT ุฅุดุงุฑุฉ ุดุฑุงุก ูููุฉ (72%)
โ ููุทูุฉ Demand ูููุฉ (ุชุฌูุน ุงูุดุฑุงุก)
โ EMA ูู ุชุฑุชูุจ ุตุงุนุฏ ููู
โ MACD ุชูุงุทุน ุฐูุจู ุตุงุนุฏ
โ ูููุงุช ุจููููุฌุฑ: ุถุบุท/ุงููุฌุงุฑ ุตุงุนุฏ
๐ช ADX: ุง
2025-12-11 07:29:51,304 - root - INFO - ๐ SOL/USDT: NEUTRAL (ููุฉ: 68%) - ุถุนููุฉ
2025-12-11 07:29:51,316 - root - INFO - โณ ุงูุงูุชุธุงุฑ 300 ุซุงููุฉ...
